Started GET "/" for ::1 at 2022-10-08 00:00:42 +0100
Processing by Rails::WelcomeController#index as HTML
  Rendering /var/lib/gems/2.7.0/gems/railties-7.0.4/lib/rails/templates/rails/welcome/index.html.erb
  Rendered /var/lib/gems/2.7.0/gems/railties-7.0.4/lib/rails/templates/rails/welcome/index.html.erb (Duration: 2.2ms | Allocations: 665)
Completed 200 OK in 19ms (Views: 8.4ms | ActiveRecord: 0.0ms | Allocations: 6486)


Started GET "/" for ::1 at 2022-10-08 00:01:11 +0100
  
ActionController::RoutingError (uninitialized constant ArticlesController
Did you mean?  AbstractController):
  
Started GET "/" for ::1 at 2022-10-08 00:01:11 +0100
  
ActionController::RoutingError (uninitialized constant ArticlesController
Did you mean?  AbstractController):
  
Started GET "/" for ::1 at 2022-10-08 00:01:11 +0100
  
ActionController::RoutingError (uninitialized constant ArticlesController
Did you mean?  AbstractController):
  
Started GET "/" for ::1 at 2022-10-08 00:02:41 +0100
Processing by Rails::WelcomeController#index as HTML
  Rendering /var/lib/gems/2.7.0/gems/railties-7.0.4/lib/rails/templates/rails/welcome/index.html.erb
  Rendered /var/lib/gems/2.7.0/gems/railties-7.0.4/lib/rails/templates/rails/welcome/index.html.erb (Duration: 1.9ms | Allocations: 350)
Completed 200 OK in 6ms (Views: 4.6ms | Allocations: 1096)


Started GET "/" for ::1 at 2022-10-08 00:02:42 +0100
Processing by Rails::WelcomeController#index as HTML
  Rendering /var/lib/gems/2.7.0/gems/railties-7.0.4/lib/rails/templates/rails/welcome/index.html.erb
  Rendered /var/lib/gems/2.7.0/gems/railties-7.0.4/lib/rails/templates/rails/welcome/index.html.erb (Duration: 0.1ms | Allocations: 15)
Completed 200 OK in 1ms (Views: 0.8ms | Allocations: 211)


Started GET "/" for ::1 at 2022-10-08 00:03:00 +0100
Processing by FlizsController#index as HTML
  Rendering layout layouts/application.html.erb
  Rendering flizs/index.html.erb within layouts/application
  Rendered flizs/index.html.erb within layouts/application (Duration: 1.4ms | Allocations: 100)
  Rendered layout layouts/application.html.erb (Duration: 319.6ms | Allocations: 97583)
Completed 200 OK in 323ms (Views: 321.6ms | Allocations: 98464)


Started GET "/" for ::1 at 2022-10-08 00:04:33 +0100
Processing by FlizsController#index as HTML
Completed 500 Internal Server Error in 6ms (Allocations: 2203)


  
NameError (uninitialized constant FlizsController::Flizs):
  
app/controllers/flizs_controller.rb:3:in `index'
Started GET "/" for ::1 at 2022-10-08 00:09:04 +0100
Processing by FlizsController#index as HTML
  Rendering layout layouts/application.html.erb
  Rendering flizs/index.html.erb within layouts/application
  Rendered flizs/index.html.erb within layouts/application (Duration: 0.9ms | Allocations: 103)
  Rendered layout layouts/application.html.erb (Duration: 42.9ms | Allocations: 15898)
Completed 200 OK in 49ms (Views: 47.1ms | Allocations: 16795)


Started GET "/" for ::1 at 2022-10-08 00:09:06 +0100
Processing by FlizsController#index as HTML
  Rendering layout layouts/application.html.erb
  Rendering flizs/index.html.erb within layouts/application
  Rendered flizs/index.html.erb within layouts/application (Duration: 0.2ms | Allocations: 7)
  Rendered layout layouts/application.html.erb (Duration: 18.9ms | Allocations: 2584)
Completed 200 OK in 22ms (Views: 20.5ms | Allocations: 2825)


Started GET "/" for ::1 at 2022-10-08 00:09:27 +0100
Processing by FlizsController#index as HTML
  Rendering layout layouts/application.html.erb
  Rendering flizs/index.html.erb within layouts/application
  Rendered flizs/index.html.erb within layouts/application (Duration: 3.0ms | Allocations: 123)
  Rendered layout layouts/application.html.erb (Duration: 18.2ms | Allocations: 2912)
Completed 200 OK in 24ms (Views: 22.8ms | Allocations: 3800)


Started GET "/" for ::1 at 2022-10-08 00:09:30 +0100
Processing by FlizsController#index as HTML
  Rendering layout layouts/application.html.erb
  Rendering flizs/index.html.erb within layouts/application
  Rendered flizs/index.html.erb within layouts/application (Duration: 0.2ms | Allocations: 9)
  Rendered layout layouts/application.html.erb (Duration: 14.7ms | Allocations: 2583)
Completed 200 OK in 18ms (Views: 16.5ms | Allocations: 2824)


Started GET "/" for ::1 at 2022-10-08 00:09:30 +0100
Processing by FlizsController#index as HTML
  Rendering layout layouts/application.html.erb
  Rendering flizs/index.html.erb within layouts/application
  Rendered flizs/index.html.erb within layouts/application (Duration: 0.1ms | Allocations: 9)
  Rendered layout layouts/application.html.erb (Duration: 11.0ms | Allocations: 2591)
Completed 200 OK in 13ms (Views: 11.9ms | Allocations: 2831)


Started GET "/" for ::1 at 2022-10-08 00:09:31 +0100
Processing by FlizsController#index as HTML
  Rendering layout layouts/application.html.erb
  Rendering flizs/index.html.erb within layouts/application
  Rendered flizs/index.html.erb within layouts/application (Duration: 0.2ms | Allocations: 9)
  Rendered layout layouts/application.html.erb (Duration: 13.4ms | Allocations: 2577)
Completed 200 OK in 16ms (Views: 15.2ms | Allocations: 2817)


Started GET "/" for ::1 at 2022-10-08 00:11:34 +0100
Processing by FlizsController#index as HTML
  Rendering layout layouts/application.html.erb
  Rendering flizs/index.html.erb within layouts/application
  Rendered flizs/index.html.erb within layouts/application (Duration: 0.8ms | Allocations: 124)
  Rendered layout layouts/application.html.erb (Duration: 35.6ms | Allocations: 15895)
Completed 200 OK in 39ms (Views: 37.9ms | Allocations: 16791)


Started GET "/" for ::1 at 2022-10-08 00:11:35 +0100
Processing by FlizsController#index as HTML
  Rendering layout layouts/application.html.erb
  Rendering flizs/index.html.erb within layouts/application
  Rendered flizs/index.html.erb within layouts/application (Duration: 0.1ms | Allocations: 9)
  Rendered layout layouts/application.html.erb (Duration: 10.2ms | Allocations: 2592)
Completed 200 OK in 13ms (Views: 11.6ms | Allocations: 2835)


Started GET "/" for ::1 at 2022-10-08 00:11:36 +0100
Processing by FlizsController#index as HTML
  Rendering layout layouts/application.html.erb
  Rendering flizs/index.html.erb within layouts/application
  Rendered flizs/index.html.erb within layouts/application (Duration: 0.2ms | Allocations: 9)
  Rendered layout layouts/application.html.erb (Duration: 9.9ms | Allocations: 2583)
Completed 200 OK in 13ms (Views: 11.7ms | Allocations: 2825)


Started GET "/" for ::1 at 2022-10-08 00:22:32 +0100
  
SyntaxError (/home/richard/Desktop/untitled folder 5/app/app/controllers/flizs_controller.rb:6: syntax error, unexpected local variable or method, expecting '}'
... {name: rambo, year:2004 rating: 88},
...                         ^~~~~~
/home/richard/Desktop/untitled folder 5/app/app/controllers/flizs_controller.rb:8: syntax error, unexpected ']', expecting `end'
    ]
    ^
/home/richard/Desktop/untitled folder 5/app/app/controllers/flizs_controller.rb:13: syntax error, unexpected end-of-input, expecting `end'):
  
app/controllers/flizs_controller.rb:6: syntax error, unexpected local variable or method, expecting '}'
app/controllers/flizs_controller.rb:8: syntax error, unexpected ']', expecting `end'
app/controllers/flizs_controller.rb:13: syntax error, unexpected end-of-input, expecting `end'
app/controllers/flizs_controller.rb:6: syntax error, unexpected local variable or method, expecting '}'
app/controllers/flizs_controller.rb:8: syntax error, unexpected ']', expecting `end'
app/controllers/flizs_controller.rb:13: syntax error, unexpected end-of-input, expecting `end'
app/controllers/flizs_controller.rb:6: syntax error, unexpected local variable or method, expecting '}'
app/controllers/flizs_controller.rb:8: syntax error, unexpected ']', expecting `end'
app/controllers/flizs_controller.rb:13: syntax error, unexpected end-of-input, expecting `end'
Started GET "/" for ::1 at 2022-10-08 00:23:43 +0100
  
SyntaxError (/home/richard/Desktop/untitled folder 5/app/app/controllers/flizs_controller.rb:6: syntax error, unexpected local variable or method, expecting '}'
... {name: rambo, year:2004 rating: 88},
...                         ^~~~~~
/home/richard/Desktop/untitled folder 5/app/app/controllers/flizs_controller.rb:8: syntax error, unexpected ']', expecting `end'
    ]
    ^
/home/richard/Desktop/untitled folder 5/app/app/controllers/flizs_controller.rb:13: syntax error, unexpected end-of-input, expecting `end'):
  
app/controllers/flizs_controller.rb:6: syntax error, unexpected local variable or method, expecting '}'
app/controllers/flizs_controller.rb:8: syntax error, unexpected ']', expecting `end'
app/controllers/flizs_controller.rb:13: syntax error, unexpected end-of-input, expecting `end'
app/controllers/flizs_controller.rb:6: syntax error, unexpected local variable or method, expecting '}'
app/controllers/flizs_controller.rb:8: syntax error, unexpected ']', expecting `end'
app/controllers/flizs_controller.rb:13: syntax error, unexpected end-of-input, expecting `end'
app/controllers/flizs_controller.rb:6: syntax error, unexpected local variable or method, expecting '}'
app/controllers/flizs_controller.rb:8: syntax error, unexpected ']', expecting `end'
app/controllers/flizs_controller.rb:13: syntax error, unexpected end-of-input, expecting `end'
Started GET "/" for ::1 at 2022-10-08 00:23:45 +0100
  
SyntaxError (/home/richard/Desktop/untitled folder 5/app/app/controllers/flizs_controller.rb:6: syntax error, unexpected local variable or method, expecting '}'
... {name: rambo, year:2004 rating: 88},
...                         ^~~~~~
/home/richard/Desktop/untitled folder 5/app/app/controllers/flizs_controller.rb:8: syntax error, unexpected ']', expecting `end'
    ]
    ^
/home/richard/Desktop/untitled folder 5/app/app/controllers/flizs_controller.rb:13: syntax error, unexpected end-of-input, expecting `end'):
  
app/controllers/flizs_controller.rb:6: syntax error, unexpected local variable or method, expecting '}'
app/controllers/flizs_controller.rb:8: syntax error, unexpected ']', expecting `end'
app/controllers/flizs_controller.rb:13: syntax error, unexpected end-of-input, expecting `end'
app/controllers/flizs_controller.rb:6: syntax error, unexpected local variable or method, expecting '}'
app/controllers/flizs_controller.rb:8: syntax error, unexpected ']', expecting `end'
app/controllers/flizs_controller.rb:13: syntax error, unexpected end-of-input, expecting `end'
app/controllers/flizs_controller.rb:6: syntax error, unexpected local variable or method, expecting '}'
app/controllers/flizs_controller.rb:8: syntax error, unexpected ']', expecting `end'
app/controllers/flizs_controller.rb:13: syntax error, unexpected end-of-input, expecting `end'
Started GET "/" for ::1 at 2022-10-08 00:23:47 +0100
  
SyntaxError (/home/richard/Desktop/untitled folder 5/app/app/controllers/flizs_controller.rb:6: syntax error, unexpected local variable or method, expecting '}'
... {name: rambo, year:2004 rating: 88},
...                         ^~~~~~
/home/richard/Desktop/untitled folder 5/app/app/controllers/flizs_controller.rb:8: syntax error, unexpected ']', expecting `end'
    ]
    ^
/home/richard/Desktop/untitled folder 5/app/app/controllers/flizs_controller.rb:13: syntax error, unexpected end-of-input, expecting `end'):
  
app/controllers/flizs_controller.rb:6: syntax error, unexpected local variable or method, expecting '}'
app/controllers/flizs_controller.rb:8: syntax error, unexpected ']', expecting `end'
app/controllers/flizs_controller.rb:13: syntax error, unexpected end-of-input, expecting `end'
app/controllers/flizs_controller.rb:6: syntax error, unexpected local variable or method, expecting '}'
app/controllers/flizs_controller.rb:8: syntax error, unexpected ']', expecting `end'
app/controllers/flizs_controller.rb:13: syntax error, unexpected end-of-input, expecting `end'
app/controllers/flizs_controller.rb:6: syntax error, unexpected local variable or method, expecting '}'
app/controllers/flizs_controller.rb:8: syntax error, unexpected ']', expecting `end'
app/controllers/flizs_controller.rb:13: syntax error, unexpected end-of-input, expecting `end'
Started GET "/" for ::1 at 2022-10-08 00:23:48 +0100
  
SyntaxError (/home/richard/Desktop/untitled folder 5/app/app/controllers/flizs_controller.rb:6: syntax error, unexpected local variable or method, expecting '}'
... {name: rambo, year:2004 rating: 88},
...                         ^~~~~~
/home/richard/Desktop/untitled folder 5/app/app/controllers/flizs_controller.rb:8: syntax error, unexpected ']', expecting `end'
    ]
    ^
/home/richard/Desktop/untitled folder 5/app/app/controllers/flizs_controller.rb:13: syntax error, unexpected end-of-input, expecting `end'):
  
app/controllers/flizs_controller.rb:6: syntax error, unexpected local variable or method, expecting '}'
app/controllers/flizs_controller.rb:8: syntax error, unexpected ']', expecting `end'
app/controllers/flizs_controller.rb:13: syntax error, unexpected end-of-input, expecting `end'
app/controllers/flizs_controller.rb:6: syntax error, unexpected local variable or method, expecting '}'
app/controllers/flizs_controller.rb:8: syntax error, unexpected ']', expecting `end'
app/controllers/flizs_controller.rb:13: syntax error, unexpected end-of-input, expecting `end'
app/controllers/flizs_controller.rb:6: syntax error, unexpected local variable or method, expecting '}'
app/controllers/flizs_controller.rb:8: syntax error, unexpected ']', expecting `end'
app/controllers/flizs_controller.rb:13: syntax error, unexpected end-of-input, expecting `end'
Started GET "/" for ::1 at 2022-10-08 00:23:59 +0100
Processing by FlizsController#index as HTML
Completed 500 Internal Server Error in 8ms (Allocations: 2199)


  
NameError (uninitialized constant FlizsController::Dracula):
  
app/controllers/flizs_controller.rb:5:in `index'
Started GET "/" for ::1 at 2022-10-08 00:24:46 +0100
  
SyntaxError (/home/richard/Desktop/untitled folder 5/app/app/controllers/flizs_controller.rb:5: syntax error, unexpected symbol literal, expecting `do' or '{' or '('
    @movies = [first = {name :Dracula, year :1999, rating :...
                             ^
/home/richard/Desktop/untitled folder 5/app/app/controllers/flizs_controller.rb:8: syntax error, unexpected ']', expecting `end'
    ]
    ^
/home/richard/Desktop/untitled folder 5/app/app/controllers/flizs_controller.rb:13: syntax error, unexpected end-of-input, expecting `end'):
  
app/controllers/flizs_controller.rb:5: syntax error, unexpected symbol literal, expecting `do' or '{' or '('
app/controllers/flizs_controller.rb:8: syntax error, unexpected ']', expecting `end'
app/controllers/flizs_controller.rb:13: syntax error, unexpected end-of-input, expecting `end'
app/controllers/flizs_controller.rb:5: syntax error, unexpected symbol literal, expecting `do' or '{' or '('
app/controllers/flizs_controller.rb:8: syntax error, unexpected ']', expecting `end'
app/controllers/flizs_controller.rb:13: syntax error, unexpected end-of-input, expecting `end'
app/controllers/flizs_controller.rb:5: syntax error, unexpected symbol literal, expecting `do' or '{' or '('
app/controllers/flizs_controller.rb:8: syntax error, unexpected ']', expecting `end'
app/controllers/flizs_controller.rb:13: syntax error, unexpected end-of-input, expecting `end'
Started GET "/" for ::1 at 2022-10-08 00:25:18 +0100
  
SyntaxError (/home/richard/Desktop/untitled folder 5/app/app/controllers/flizs_controller.rb:5: syntax error, unexpected symbol literal, expecting `do' or '{' or '('
    @movies = [first = {name :Dracula, year :1999, rating :...
                             ^
/home/richard/Desktop/untitled folder 5/app/app/controllers/flizs_controller.rb:8: syntax error, unexpected ']', expecting `end'
    ]
    ^
/home/richard/Desktop/untitled folder 5/app/app/controllers/flizs_controller.rb:13: syntax error, unexpected end-of-input, expecting `end'):
  
app/controllers/flizs_controller.rb:5: syntax error, unexpected symbol literal, expecting `do' or '{' or '('
app/controllers/flizs_controller.rb:8: syntax error, unexpected ']', expecting `end'
app/controllers/flizs_controller.rb:13: syntax error, unexpected end-of-input, expecting `end'
app/controllers/flizs_controller.rb:5: syntax error, unexpected symbol literal, expecting `do' or '{' or '('
app/controllers/flizs_controller.rb:8: syntax error, unexpected ']', expecting `end'
app/controllers/flizs_controller.rb:13: syntax error, unexpected end-of-input, expecting `end'
app/controllers/flizs_controller.rb:5: syntax error, unexpected symbol literal, expecting `do' or '{' or '('
app/controllers/flizs_controller.rb:8: syntax error, unexpected ']', expecting `end'
app/controllers/flizs_controller.rb:13: syntax error, unexpected end-of-input, expecting `end'
Started GET "/" for ::1 at 2022-10-08 00:25:20 +0100
  
SyntaxError (/home/richard/Desktop/untitled folder 5/app/app/controllers/flizs_controller.rb:5: syntax error, unexpected symbol literal, expecting `do' or '{' or '('
    @movies = [first = {name :Dracula, year :1999, rating :...
                             ^
/home/richard/Desktop/untitled folder 5/app/app/controllers/flizs_controller.rb:8: syntax error, unexpected ']', expecting `end'
    ]
    ^
/home/richard/Desktop/untitled folder 5/app/app/controllers/flizs_controller.rb:13: syntax error, unexpected end-of-input, expecting `end'):
  
app/controllers/flizs_controller.rb:5: syntax error, unexpected symbol literal, expecting `do' or '{' or '('
app/controllers/flizs_controller.rb:8: syntax error, unexpected ']', expecting `end'
app/controllers/flizs_controller.rb:13: syntax error, unexpected end-of-input, expecting `end'
app/controllers/flizs_controller.rb:5: syntax error, unexpected symbol literal, expecting `do' or '{' or '('
app/controllers/flizs_controller.rb:8: syntax error, unexpected ']', expecting `end'
app/controllers/flizs_controller.rb:13: syntax error, unexpected end-of-input, expecting `end'
app/controllers/flizs_controller.rb:5: syntax error, unexpected symbol literal, expecting `do' or '{' or '('
app/controllers/flizs_controller.rb:8: syntax error, unexpected ']', expecting `end'
app/controllers/flizs_controller.rb:13: syntax error, unexpected end-of-input, expecting `end'
Started GET "/" for ::1 at 2022-10-08 00:25:27 +0100
  
SyntaxError (/home/richard/Desktop/untitled folder 5/app/app/controllers/flizs_controller.rb:5: syntax error, unexpected symbol literal, expecting `do' or '{' or '('
    @movies = [name :Dracula, year :1999, rating :...
                    ^
/home/richard/Desktop/untitled folder 5/app/app/controllers/flizs_controller.rb:13: syntax error, unexpected end-of-input, expecting `end'):
  
app/controllers/flizs_controller.rb:5: syntax error, unexpected symbol literal, expecting `do' or '{' or '('
app/controllers/flizs_controller.rb:13: syntax error, unexpected end-of-input, expecting `end'
app/controllers/flizs_controller.rb:5: syntax error, unexpected symbol literal, expecting `do' or '{' or '('
app/controllers/flizs_controller.rb:13: syntax error, unexpected end-of-input, expecting `end'
app/controllers/flizs_controller.rb:5: syntax error, unexpected symbol literal, expecting `do' or '{' or '('
app/controllers/flizs_controller.rb:13: syntax error, unexpected end-of-input, expecting `end'
Started GET "/" for ::1 at 2022-10-08 00:26:05 +0100
  
SyntaxError (/home/richard/Desktop/untitled folder 5/app/app/controllers/flizs_controller.rb:5: syntax error, unexpected symbol literal, expecting `do' or '{' or '('
    @movies = [{name :Dracula, year :1999, rating :...
                     ^
/home/richard/Desktop/untitled folder 5/app/app/controllers/flizs_controller.rb:13: syntax error, unexpected end-of-input, expecting `end'):
  
app/controllers/flizs_controller.rb:5: syntax error, unexpected symbol literal, expecting `do' or '{' or '('
app/controllers/flizs_controller.rb:13: syntax error, unexpected end-of-input, expecting `end'
app/controllers/flizs_controller.rb:5: syntax error, unexpected symbol literal, expecting `do' or '{' or '('
app/controllers/flizs_controller.rb:13: syntax error, unexpected end-of-input, expecting `end'
app/controllers/flizs_controller.rb:5: syntax error, unexpected symbol literal, expecting `do' or '{' or '('
app/controllers/flizs_controller.rb:13: syntax error, unexpected end-of-input, expecting `end'
Started GET "/" for ::1 at 2022-10-08 00:29:43 +0100
Processing by FlizsController#index as HTML
  Rendering layout layouts/application.html.erb
  Rendering flizs/index.html.erb within layouts/application
  Rendered flizs/index.html.erb within layouts/application (Duration: 1.2ms | Allocations: 1078)
  Rendered layout layouts/application.html.erb (Duration: 1.6ms | Allocations: 1146)
Completed 500 Internal Server Error in 4ms (Allocations: 2028)


  
ActionView::SyntaxErrorInTemplate (Encountered a syntax error while rendering template: check mike's age: <%= @age %>
<ul>
<%@movies.each do |movie| %>
<li><% = movie %></li>


<%end%>
</ul>



):
1:    mike's age: <%= @age %>
2:    <ul>
3:    <%@movies.each do |movie| %>
4:    <li><% = movie %></li>
5:    
6:    
7:    <%end%>
8:    </ul>
  
app/views/flizs/index.html.erb:4: syntax error, unexpected '=', expecting `end'
app/views/flizs/index.html.erb:13: syntax error, unexpected `end', expecting end-of-input
app/views/flizs/index.html.erb:4: syntax error, unexpected '=', expecting `end'
app/views/flizs/index.html.erb:13: syntax error, unexpected `end', expecting end-of-input
app/views/flizs/index.html.erb:4: syntax error, unexpected '=', expecting `end'
app/views/flizs/index.html.erb:13: syntax error, unexpected `end', expecting end-of-input
app/views/flizs/index.html.erb:4: syntax error, unexpected '=', expecting `end'
app/views/flizs/index.html.erb:13: syntax error, unexpected `end', expecting end-of-input
app/views/flizs/index.html.erb:4: syntax error, unexpected '=', expecting `end'
app/views/flizs/index.html.erb:13: syntax error, unexpected `end', expecting end-of-input
app/views/flizs/index.html.erb:4: syntax error, unexpected '=', expecting `end'
app/views/flizs/index.html.erb:13: syntax error, unexpected `end', expecting end-of-input
Started GET "/" for ::1 at 2022-10-08 00:31:48 +0100
Processing by FlizsController#index as HTML
  Rendering layout layouts/application.html.erb
  Rendering flizs/index.html.erb within layouts/application
  Rendered flizs/index.html.erb within layouts/application (Duration: 1.3ms | Allocations: 1053)
  Rendered layout layouts/application.html.erb (Duration: 1.7ms | Allocations: 1121)
Completed 500 Internal Server Error in 6ms (Allocations: 1998)


  
ActionView::SyntaxErrorInTemplate (Encountered a syntax error while rendering template: check <ul>
<% @movies.each do |movie| %>
<li><% =movie %></li>
<%end%>
</ul>



):
1:    <ul>
2:    <% @movies.each do |movie| %>
3:    <li><% =movie %></li>
4:    <%end%>
5:    </ul>
  
app/views/flizs/index.html.erb:3: syntax error, unexpected '=', expecting `end'
app/views/flizs/index.html.erb:10: syntax error, unexpected `end', expecting end-of-input
app/views/flizs/index.html.erb:3: syntax error, unexpected '=', expecting `end'
app/views/flizs/index.html.erb:10: syntax error, unexpected `end', expecting end-of-input
app/views/flizs/index.html.erb:3: syntax error, unexpected '=', expecting `end'
app/views/flizs/index.html.erb:10: syntax error, unexpected `end', expecting end-of-input
app/views/flizs/index.html.erb:3: syntax error, unexpected '=', expecting `end'
app/views/flizs/index.html.erb:10: syntax error, unexpected `end', expecting end-of-input
app/views/flizs/index.html.erb:3: syntax error, unexpected '=', expecting `end'
app/views/flizs/index.html.erb:10: syntax error, unexpected `end', expecting end-of-input
app/views/flizs/index.html.erb:3: syntax error, unexpected '=', expecting `end'
app/views/flizs/index.html.erb:10: syntax error, unexpected `end', expecting end-of-input
Started GET "/" for ::1 at 2022-10-08 00:31:52 +0100
Processing by FlizsController#index as HTML
  Rendering layout layouts/application.html.erb
  Rendering flizs/index.html.erb within layouts/application
  Rendered flizs/index.html.erb within layouts/application (Duration: 1.8ms | Allocations: 1096)
  Rendered layout layouts/application.html.erb (Duration: 2.3ms | Allocations: 1164)
Completed 500 Internal Server Error in 4ms (Allocations: 1387)


  
ActionView::SyntaxErrorInTemplate (Encountered a syntax error while rendering template: check <ul>
<% @movies.each do |movie| %>
<li><% =movie %></li>
<%end%>
</ul>



):
1:    <ul>
2:    <% @movies.each do |movie| %>
3:    <li><% =movie %></li>
4:    <%end%>
5:    </ul>
  
app/views/flizs/index.html.erb:3: syntax error, unexpected '=', expecting `end'
app/views/flizs/index.html.erb:10: syntax error, unexpected `end', expecting end-of-input
app/views/flizs/index.html.erb:3: syntax error, unexpected '=', expecting `end'
app/views/flizs/index.html.erb:10: syntax error, unexpected `end', expecting end-of-input
app/views/flizs/index.html.erb:3: syntax error, unexpected '=', expecting `end'
app/views/flizs/index.html.erb:10: syntax error, unexpected `end', expecting end-of-input
app/views/flizs/index.html.erb:3: syntax error, unexpected '=', expecting `end'
app/views/flizs/index.html.erb:10: syntax error, unexpected `end', expecting end-of-input
app/views/flizs/index.html.erb:3: syntax error, unexpected '=', expecting `end'
app/views/flizs/index.html.erb:10: syntax error, unexpected `end', expecting end-of-input
app/views/flizs/index.html.erb:3: syntax error, unexpected '=', expecting `end'
app/views/flizs/index.html.erb:10: syntax error, unexpected `end', expecting end-of-input
Started GET "/" for ::1 at 2022-10-08 00:32:45 +0100
Processing by FlizsController#index as HTML
  Rendering layout layouts/application.html.erb
  Rendering flizs/index.html.erb within layouts/application
  Rendered flizs/index.html.erb within layouts/application (Duration: 1.1ms | Allocations: 166)
  Rendered layout layouts/application.html.erb (Duration: 26.6ms | Allocations: 15954)
Completed 200 OK in 30ms (Views: 29.0ms | Allocations: 16847)


Started GET "/" for ::1 at 2022-10-08 00:33:19 +0100
Processing by FlizsController#index as HTML
  Rendering layout layouts/application.html.erb
  Rendering flizs/index.html.erb within layouts/application
  Rendered flizs/index.html.erb within layouts/application (Duration: 0.1ms | Allocations: 11)
  Rendered layout layouts/application.html.erb (Duration: 22.9ms | Allocations: 15484)
Completed 200 OK in 25ms (Views: 24.6ms | Allocations: 16114)


  [1m[35m (156.8ms)[0m  [1m[35mCREATE TABLE "schema_migrations" ("version" varchar NOT NULL PRIMARY KEY)[0m
  [1m[35m (185.1ms)[0m  [1m[35mCREATE TABLE "ar_internal_metadata" ("key" varchar NOT NULL PRIMARY KEY, "value" varchar, "created_at" datetime(6) NOT NULL, "updated_at" datetime(6) NOT NULL)[0m
  [1m[36mActiveRecord::SchemaMigration Pluck (0.4ms)[0m  [1m[34mSELECT "schema_migrations"."version" FROM "schema_migrations" ORDER BY "schema_migrations"."version" ASC[0m
Migrating to CreateMovies (20221007234018)
  [1m[36mTRANSACTION (0.2ms)[0m  [1m[36mbegin transaction[0m
  [1m[35m (1.1ms)[0m  [1m[35mCREATE TABLE "movies" ("id" integer PRIMARY KEY AUTOINCREMENT NOT NULL, "name" varchar, "year" integer, "rating" integer, "price" integer, "created_at" datetime(6) NOT NULL, "updated_at" datetime(6) NOT NULL)[0m
  [1m[36mActiveRecord::SchemaMigration Create (0.5ms)[0m  [1m[32mINSERT INTO "schema_migrations" ("version") VALUES (?)[0m  [["version", "20221007234018"]]
  [1m[36mTRANSACTION (191.2ms)[0m  [1m[36mcommit transaction[0m
  [1m[36mActiveRecord::InternalMetadata Load (0.4ms)[0m  [1m[34mSELECT "ar_internal_metadata".* FROM "ar_internal_metadata" WHERE "ar_internal_metadata"."key" = ? LIMIT ?[0m  [["key", "environment"], ["LIMIT", 1]]
  [1m[36mTRANSACTION (0.1ms)[0m  [1m[36mbegin transaction[0m
  [1m[36mActiveRecord::InternalMetadata Create (0.7ms)[0m  [1m[32mINSERT INTO "ar_internal_metadata" ("key", "value", "created_at", "updated_at") VALUES (?, ?, ?, ?)[0m  [["key", "environment"], ["value", "development"], ["created_at", "2022-10-07 23:42:36.061660"], ["updated_at", "2022-10-07 23:42:36.061660"]]
  [1m[36mTRANSACTION (207.1ms)[0m  [1m[36mcommit transaction[0m
  [1m[36mActiveRecord::SchemaMigration Pluck (0.2ms)[0m  [1m[34mSELECT "schema_migrations"."version" FROM "schema_migrations" ORDER BY "schema_migrations"."version" ASC[0m
  [1m[36mTRANSACTION (0.1ms)[0m  [1m[36mbegin transaction[0m
  [1m[36mMovie Create (0.6ms)[0m  [1m[32mINSERT INTO "movies" ("name", "year", "rating", "price", "created_at", "updated_at") VALUES (?, ?, ?, ?, ?, ?)[0m  [["name", "rambo"], ["year", 2000], ["rating", 8], ["price", 80], ["created_at", "2022-10-07 23:51:32.352130"], ["updated_at", "2022-10-07 23:51:32.352130"]]
  [1m[36mTRANSACTION (195.1ms)[0m  [1m[36mcommit transaction[0m
  [1m[36mTRANSACTION (0.2ms)[0m  [1m[36mbegin transaction[0m
  [1m[36mMovie Create (0.9ms)[0m  [1m[32mINSERT INTO "movies" ("name", "year", "rating", "price", "created_at", "updated_at") VALUES (?, ?, ?, ?, ?, ?)[0m  [["name", "Dracular"], ["year", 2007], ["rating", 3], ["price", 50], ["created_at", "2022-10-07 23:53:14.372017"], ["updated_at", "2022-10-07 23:53:14.372017"]]
  [1m[36mTRANSACTION (184.9ms)[0m  [1m[36mcommit transaction[0m
  [1m[36mTRANSACTION (0.1ms)[0m  [1m[36mbegin transaction[0m
  [1m[36mMovie Create (0.9ms)[0m  [1m[32mINSERT INTO "movies" ("name", "year", "rating", "price", "created_at", "updated_at") VALUES (?, ?, ?, ?, ?, ?)[0m  [["name", "indians"], ["year", 2001], ["rating", 9], ["price", 90], ["created_at", "2022-10-07 23:53:50.294697"], ["updated_at", "2022-10-07 23:53:50.294697"]]
  [1m[36mTRANSACTION (221.9ms)[0m  [1m[36mcommit transaction[0m
  [1m[36mTRANSACTION (0.2ms)[0m  [1m[36mbegin transaction[0m
  [1m[36mMovie Create (0.9ms)[0m  [1m[32mINSERT INTO "movies" ("name", "year", "rating", "price", "created_at", "updated_at") VALUES (?, ?, ?, ?, ?, ?)[0m  [["name", "jackie"], ["year", 2011], ["rating", 7], ["price", 50], ["created_at", "2022-10-07 23:54:21.434370"], ["updated_at", "2022-10-07 23:54:21.434370"]]
  [1m[36mTRANSACTION (207.5ms)[0m  [1m[36mcommit transaction[0m
Started GET "/" for ::1 at 2022-10-08 01:02:19 +0100
  [1m[36mActiveRecord::SchemaMigration Pluck (0.2ms)[0m  [1m[34mSELECT "schema_migrations"."version" FROM "schema_migrations" ORDER BY "schema_migrations"."version" ASC[0m
Processing by FlizsController#index as HTML
  Rendering layout layouts/application.html.erb
  Rendering flizs/index.html.erb within layouts/application
  [1m[36mMovie Load (0.2ms)[0m  [1m[34mSELECT "movies".* FROM "movies"[0m
  ↳ app/views/flizs/index.html.erb:2
  Rendered flizs/index.html.erb within layouts/application (Duration: 25.5ms | Allocations: 16567)
  Rendered layout layouts/application.html.erb (Duration: 44.4ms | Allocations: 32163)
Completed 200 OK in 48ms (Views: 44.8ms | ActiveRecord: 1.0ms | Allocations: 33162)


Started GET "/" for ::1 at 2022-10-08 01:03:25 +0100
Processing by FlizsController#index as HTML
  Rendering layout layouts/application.html.erb
  Rendering flizs/index.html.erb within layouts/application
  [1m[36mMovie Load (0.4ms)[0m  [1m[34mSELECT "movies".* FROM "movies"[0m
  ↳ app/views/flizs/index.html.erb:2
  Rendered flizs/index.html.erb within layouts/application (Duration: 4.1ms | Allocations: 709)
  Rendered layout layouts/application.html.erb (Duration: 11.5ms | Allocations: 3495)
Completed 200 OK in 17ms (Views: 14.0ms | ActiveRecord: 0.4ms | Allocations: 4402)


Started GET "/" for ::1 at 2022-10-08 01:05:51 +0100
Processing by FlizsController#index as HTML
  Rendering layout layouts/application.html.erb
  Rendering flizs/index.html.erb within layouts/application
  [1m[36mMovie Load (0.2ms)[0m  [1m[34mSELECT "movies".* FROM "movies"[0m
  ↳ app/views/flizs/index.html.erb:2
  Rendered flizs/index.html.erb within layouts/application (Duration: 16.6ms | Allocations: 4843)
  Rendered layout layouts/application.html.erb (Duration: 17.0ms | Allocations: 4910)
Completed 500 Internal Server Error in 21ms (ActiveRecord: 0.2ms | Allocations: 5793)


  
ActionView::Template::Error (undefined local variable or method `moivie' for #<ActionView::Base:0x000000000440c0>
Did you mean?  movie
               @movies):
    1: <ul>
    2: <% @movies.each do |movie| %>
    3: <li><strong><%= movie.name %><strong>
    4: producd in <%= movie.year%> | Rating <%= moivie.rating%>
    5: </li>
    6: <% end %>
    7: </ul>
  
app/views/flizs/index.html.erb:4
app/views/flizs/index.html.erb:2
Started GET "/" for ::1 at 2022-10-08 01:06:32 +0100
Processing by FlizsController#index as HTML
  Rendering layout layouts/application.html.erb
  Rendering flizs/index.html.erb within layouts/application
  [1m[36mMovie Load (0.2ms)[0m  [1m[34mSELECT "movies".* FROM "movies"[0m
  ↳ app/views/flizs/index.html.erb:2
  Rendered flizs/index.html.erb within layouts/application (Duration: 3.8ms | Allocations: 743)
  Rendered layout layouts/application.html.erb (Duration: 11.1ms | Allocations: 3544)
Completed 200 OK in 15ms (Views: 13.4ms | ActiveRecord: 0.2ms | Allocations: 4445)


Started GET "/" for ::1 at 2022-10-08 01:08:06 +0100
Processing by FlizsController#index as HTML
  Rendering layout layouts/application.html.erb
  Rendering flizs/index.html.erb within layouts/application
  [1m[36mMovie Load (0.4ms)[0m  [1m[34mSELECT "movies".* FROM "movies"[0m
  ↳ app/views/flizs/index.html.erb:2
  Rendered flizs/index.html.erb within layouts/application (Duration: 6.7ms | Allocations: 774)
  Rendered layout layouts/application.html.erb (Duration: 18.3ms | Allocations: 3564)
Completed 200 OK in 24ms (Views: 21.7ms | ActiveRecord: 0.4ms | Allocations: 4470)


Started GET "/" for ::1 at 2022-10-08 01:08:55 +0100
Processing by FlizsController#index as HTML
  Rendering layout layouts/application.html.erb
  Rendering flizs/index.html.erb within layouts/application
  [1m[36mMovie Load (0.3ms)[0m  [1m[34mSELECT "movies".* FROM "movies"[0m
  ↳ app/views/flizs/index.html.erb:2
  Rendered flizs/index.html.erb within layouts/application (Duration: 78.4ms | Allocations: 11713)
  Rendered layout layouts/application.html.erb (Duration: 92.0ms | Allocations: 14519)
Completed 200 OK in 96ms (Views: 94.6ms | ActiveRecord: 0.3ms | Allocations: 15420)


  [1m[36mActiveRecord::SchemaMigration Pluck (0.3ms)[0m  [1m[34mSELECT "schema_migrations"."version" FROM "schema_migrations" ORDER BY "schema_migrations"."version" ASC[0m
Migrating to AddFieldsToMovies (20221008001704)
  [1m[36mTRANSACTION (0.2ms)[0m  [1m[36mbegin transaction[0m
  [1m[35m (1.3ms)[0m  [1m[35mALTER TABLE "movies" ADD "description" text[0m
  [1m[35m (0.8ms)[0m  [1m[35mALTER TABLE "movies" ADD "starts_time" datetime(6)[0m
  [1m[36mActiveRecord::SchemaMigration Create (1.1ms)[0m  [1m[32mINSERT INTO "schema_migrations" ("version") VALUES (?)[0m  [["version", "20221008001704"]]
  [1m[36mTRANSACTION (206.3ms)[0m  [1m[36mcommit transaction[0m
  [1m[36mActiveRecord::InternalMetadata Load (0.4ms)[0m  [1m[34mSELECT "ar_internal_metadata".* FROM "ar_internal_metadata" WHERE "ar_internal_metadata"."key" = ? LIMIT ?[0m  [["key", "environment"], ["LIMIT", 1]]
  [1m[36mActiveRecord::SchemaMigration Pluck (0.2ms)[0m  [1m[34mSELECT "schema_migrations"."version" FROM "schema_migrations" ORDER BY "schema_migrations"."version" ASC[0m
  [1m[36mMovie Load (0.3ms)[0m  [1m[34mSELECT "movies".* FROM "movies" WHERE "movies"."id" = ? LIMIT ?[0m  [["id", 1], ["LIMIT", 1]]
  [1m[36mMovie Load (0.4ms)[0m  [1m[34mSELECT "movies".* FROM "movies" WHERE "movies"."id" = ? LIMIT ?[0m  [["id", 2], ["LIMIT", 1]]
  [1m[36mMovie Load (0.4ms)[0m  [1m[34mSELECT "movies".* FROM "movies"[0m
  [1m[36mMovie Load (0.3ms)[0m  [1m[34mSELECT "movies".* FROM "movies" WHERE "movies"."id" = ? LIMIT ?[0m  [["id", 1], ["LIMIT", 1]]
  [1m[36mTRANSACTION (0.2ms)[0m  [1m[36mbegin transaction[0m
  [1m[36mMovie Update (0.9ms)[0m  [1m[33mUPDATE "movies" SET "updated_at" = ?, "description" = ?, "starts_time" = ? WHERE "movies"."id" = ?[0m  [["updated_at", "2022-10-08 00:25:27.472305"], ["description", "Award winning movie of the year"], ["starts_time", "2019-02-10 00:00:00"], ["id", 1]]
  [1m[36mTRANSACTION (166.9ms)[0m  [1m[36mcommit transaction[0m
  [1m[36mMovie Load (0.6ms)[0m  [1m[34mSELECT "movies".* FROM "movies" WHERE "movies"."name" = ? LIMIT ?[0m  [["name", "jackie"], ["LIMIT", 1]]
  [1m[36mTRANSACTION (0.2ms)[0m  [1m[36mbegin transaction[0m
  [1m[36mMovie Update (1.0ms)[0m  [1m[33mUPDATE "movies" SET "updated_at" = ?, "description" = ?, "starts_time" = ? WHERE "movies"."id" = ?[0m  [["updated_at", "2022-10-08 00:30:26.020956"], ["description", "funniest character of the year"], ["starts_time", "2016-06-17 00:00:00"], ["id", 4]]
  [1m[36mTRANSACTION (460.0ms)[0m  [1m[36mcommit transaction[0m
  [1m[36mMovie Load (0.3ms)[0m  [1m[34mSELECT "movies".* FROM "movies" WHERE "movies"."name" = ? LIMIT ?[0m  [["name", "Dracular"], ["LIMIT", 1]]
  [1m[36mTRANSACTION (0.3ms)[0m  [1m[36mbegin transaction[0m
  [1m[36mMovie Update (1.0ms)[0m  [1m[33mUPDATE "movies" SET "updated_at" = ?, "description" = ?, "starts_time" = ? WHERE "movies"."id" = ?[0m  [["updated_at", "2022-10-08 00:33:01.698526"], ["description", "vampire movie of the year"], ["starts_time", "2018-04-21 00:00:00"], ["id", 2]]
  [1m[36mTRANSACTION (498.2ms)[0m  [1m[36mcommit transaction[0m
  [1m[36mMovie Load (0.3ms)[0m  [1m[34mSELECT "movies".* FROM "movies" WHERE "movies"."name" = ? LIMIT ?[0m  [["name", "indians"], ["LIMIT", 1]]
  [1m[36mTRANSACTION (0.2ms)[0m  [1m[36mbegin transaction[0m
  [1m[36mMovie Update (0.9ms)[0m  [1m[33mUPDATE "movies" SET "updated_at" = ?, "description" = ?, "starts_time" = ? WHERE "movies"."id" = ?[0m  [["updated_at", "2022-10-08 00:34:27.385817"], ["description", "most rated indian movie of the year"], ["starts_time", "2011-11-01 00:00:00"], ["id", 3]]
  [1m[36mTRANSACTION (208.8ms)[0m  [1m[36mcommit transaction[0m
Started GET "/" for ::1 at 2022-10-08 01:39:09 +0100
  [1m[36mActiveRecord::SchemaMigration Pluck (0.1ms)[0m  [1m[34mSELECT "schema_migrations"."version" FROM "schema_migrations" ORDER BY "schema_migrations"."version" ASC[0m
Processing by FlizsController#index as HTML
  Rendering layout layouts/application.html.erb
  Rendering flizs/index.html.erb within layouts/application
  [1m[36mMovie Load (0.3ms)[0m  [1m[34mSELECT "movies".* FROM "movies"[0m
  ↳ app/views/flizs/index.html.erb:2
  Rendered flizs/index.html.erb within layouts/application (Duration: 7.9ms | Allocations: 2940)
  Rendered layout layouts/application.html.erb (Duration: 25.1ms | Allocations: 18717)
Completed 200 OK in 30ms (Views: 26.7ms | ActiveRecord: 0.3ms | Allocations: 19979)


Started GET "/" for ::1 at 2022-10-08 01:45:05 +0100
Processing by FlizsController#index as HTML
  Rendering layout layouts/application.html.erb
  Rendering flizs/index.html.erb within layouts/application
  Rendered flizs/index.html.erb within layouts/application (Duration: 1.8ms | Allocations: 1213)
  Rendered layout layouts/application.html.erb (Duration: 2.3ms | Allocations: 1281)
Completed 500 Internal Server Error in 6ms (Allocations: 2165)


  
ActionView::SyntaxErrorInTemplate (Encountered a syntax error while rendering template: check <ul>
<% @movies.each do |movie| %>
<li><strong><%= movie.name %><strong> | Rating: <%= movie.rating%>, sold at:
<% movie.price == 0%>
Free
<% else %>
  <%= number_to_currency(movie.price) %>
</li>
<p>
<%= movie.description %>

<% end %>
</p>

<p>
<%= movie.starts_time%>
</p>
<% end %>
</ul>



):
1:    <ul>
2:    <% @movies.each do |movie| %>
3:    <li><strong><%= movie.name %><strong> | Rating: <%= movie.rating%>, sold at:
4:    <% movie.price == 0%>
5:    Free
6:    <% else %>
7:      <%= number_to_currency(movie.price) %>
8:    </li>
9:    <p>
10:    <%= movie.description %>
11:    
12:    <% end %>
13:    </p>
14:    
15:    <p>
16:    <%= movie.starts_time%>
17:    </p>
18:    <% end %>
19:    </ul>
  
app/views/flizs/index.html.erb:6: else without rescue is useless
app/views/flizs/index.html.erb:24: syntax error, unexpected `end', expecting end-of-input
app/views/flizs/index.html.erb:6: else without rescue is useless
app/views/flizs/index.html.erb:24: syntax error, unexpected `end', expecting end-of-input
app/views/flizs/index.html.erb:6: else without rescue is useless
app/views/flizs/index.html.erb:24: syntax error, unexpected `end', expecting end-of-input
app/views/flizs/index.html.erb:6: else without rescue is useless
app/views/flizs/index.html.erb:24: syntax error, unexpected `end', expecting end-of-input
app/views/flizs/index.html.erb:6: else without rescue is useless
app/views/flizs/index.html.erb:24: syntax error, unexpected `end', expecting end-of-input
app/views/flizs/index.html.erb:6: else without rescue is useless
app/views/flizs/index.html.erb:24: syntax error, unexpected `end', expecting end-of-input
Started GET "/" for ::1 at 2022-10-08 01:46:08 +0100
Processing by FlizsController#index as HTML
  Rendering layout layouts/application.html.erb
  Rendering flizs/index.html.erb within layouts/application
  Rendered flizs/index.html.erb within layouts/application (Duration: 1.3ms | Allocations: 1215)
  Rendered layout layouts/application.html.erb (Duration: 1.7ms | Allocations: 1283)
Completed 500 Internal Server Error in 5ms (Allocations: 2162)


  
ActionView::SyntaxErrorInTemplate (Encountered a syntax error while rendering template: check <ul>
<% @movies.each do |movie| %>
<li><strong><%= movie.name %><strong> | Rating: <%= movie.rating%>, 
sold at:
<% movie.price == 0%>
Free
<% else %>
  <%= number_to_currency(movie.price) %>
</li>
<% end %>

<p>
<%= movie.description %>
</p>

<p>
<%= movie.starts_time%>
</p>
<% end %>
</ul>



):
1:    <ul>
2:    <% @movies.each do |movie| %>
3:    <li><strong><%= movie.name %><strong> | Rating: <%= movie.rating%>, 
4:    sold at:
5:    <% movie.price == 0%>
6:    Free
7:    <% else %>
8:      <%= number_to_currency(movie.price) %>
9:    </li>
10:    <% end %>
11:    
12:    <p>
13:    <%= movie.description %>
14:    </p>
15:    
16:    <p>
17:    <%= movie.starts_time%>
18:    </p>
19:    <% end %>
20:    </ul>
  
app/views/flizs/index.html.erb:7: else without rescue is useless
app/views/flizs/index.html.erb:25: syntax error, unexpected `end', expecting end-of-input
app/views/flizs/index.html.erb:7: else without rescue is useless
app/views/flizs/index.html.erb:25: syntax error, unexpected `end', expecting end-of-input
app/views/flizs/index.html.erb:7: else without rescue is useless
app/views/flizs/index.html.erb:25: syntax error, unexpected `end', expecting end-of-input
app/views/flizs/index.html.erb:7: else without rescue is useless
app/views/flizs/index.html.erb:25: syntax error, unexpected `end', expecting end-of-input
app/views/flizs/index.html.erb:7: else without rescue is useless
app/views/flizs/index.html.erb:25: syntax error, unexpected `end', expecting end-of-input
app/views/flizs/index.html.erb:7: else without rescue is useless
app/views/flizs/index.html.erb:25: syntax error, unexpected `end', expecting end-of-input
Started GET "/" for ::1 at 2022-10-08 01:46:37 +0100
Processing by FlizsController#index as HTML
  Rendering layout layouts/application.html.erb
  Rendering flizs/index.html.erb within layouts/application
  Rendered flizs/index.html.erb within layouts/application (Duration: 1.2ms | Allocations: 1201)
  Rendered layout layouts/application.html.erb (Duration: 1.6ms | Allocations: 1269)
Completed 500 Internal Server Error in 4ms (Allocations: 2148)


  
ActionView::SyntaxErrorInTemplate (Encountered a syntax error while rendering template: check <ul>
<% @movies.each do |movie| %>
<li><strong><%= movie.name %><strong> | Rating: <%= movie.rating%>, 
sold at:
<% movie.price == 0%>
Free
<% else %>
  <%= number_to_currency(movie.price) %>
</li>

<p>
<%= movie.description %>
</p>

<p>
<%= movie.starts_time%>
</p>
<% end %>
</ul>



):
1:    <ul>
2:    <% @movies.each do |movie| %>
3:    <li><strong><%= movie.name %><strong> | Rating: <%= movie.rating%>, 
4:    sold at:
5:    <% movie.price == 0%>
6:    Free
7:    <% else %>
8:      <%= number_to_currency(movie.price) %>
9:    </li>
10:    
11:    <p>
12:    <%= movie.description %>
13:    </p>
14:    
15:    <p>
16:    <%= movie.starts_time%>
17:    </p>
18:    <% end %>
19:    </ul>
  
app/views/flizs/index.html.erb:7: else without rescue is useless
app/views/flizs/index.html.erb:7: else without rescue is useless
app/views/flizs/index.html.erb:7: else without rescue is useless
app/views/flizs/index.html.erb:7: else without rescue is useless
app/views/flizs/index.html.erb:7: else without rescue is useless
app/views/flizs/index.html.erb:7: else without rescue is useless
Started GET "/" for ::1 at 2022-10-08 01:47:39 +0100
Processing by FlizsController#index as HTML
  Rendering layout layouts/application.html.erb
  Rendering flizs/index.html.erb within layouts/application
  [1m[36mMovie Load (0.1ms)[0m  [1m[34mSELECT "movies".* FROM "movies"[0m
  ↳ app/views/flizs/index.html.erb:2
  Rendered flizs/index.html.erb within layouts/application (Duration: 4.5ms | Allocations: 1571)
  Rendered layout layouts/application.html.erb (Duration: 9.3ms | Allocations: 4384)
Completed 200 OK in 12ms (Views: 11.0ms | ActiveRecord: 0.8ms | Allocations: 5285)


Started GET "/" for ::1 at 2022-10-08 01:52:13 +0100
Processing by FlizsController#index as HTML
  Rendering layout layouts/application.html.erb
  Rendering flizs/index.html.erb within layouts/application
  [1m[36mMovie Load (0.4ms)[0m  [1m[34mSELECT "movies".* FROM "movies"[0m
  ↳ app/views/flizs/index.html.erb:2
  Rendered flizs/index.html.erb within layouts/application (Duration: 3.8ms | Allocations: 1135)
  Rendered layout layouts/application.html.erb (Duration: 9.0ms | Allocations: 3718)
Completed 200 OK in 11ms (Views: 9.7ms | ActiveRecord: 0.4ms | Allocations: 3972)


Started GET "/" for ::1 at 2022-10-08 01:52:15 +0100
Processing by FlizsController#index as HTML
  Rendering layout layouts/application.html.erb
  Rendering flizs/index.html.erb within layouts/application
  [1m[36mMovie Load (0.4ms)[0m  [1m[34mSELECT "movies".* FROM "movies"[0m
  ↳ app/views/flizs/index.html.erb:2
  Rendered flizs/index.html.erb within layouts/application (Duration: 7.5ms | Allocations: 1135)
  Rendered layout layouts/application.html.erb (Duration: 16.7ms | Allocations: 3718)
Completed 200 OK in 19ms (Views: 17.7ms | ActiveRecord: 0.4ms | Allocations: 3971)


Started GET "/" for ::1 at 2022-10-08 01:52:23 +0100
  
SyntaxError (/home/richard/Desktop/untitled folder 5/app/app/helpers/flizs_helper.rb:8: syntax error, unexpected end-of-input, expecting `end'):
  
app/helpers/flizs_helper.rb:8: syntax error, unexpected end-of-input, expecting `end'
app/helpers/flizs_helper.rb:8: syntax error, unexpected end-of-input, expecting `end'
app/helpers/flizs_helper.rb:8: syntax error, unexpected end-of-input, expecting `end'
app/controllers/application_controller.rb:1:in `<main>'
app/controllers/flizs_controller.rb:1:in `<main>'
Started GET "/" for ::1 at 2022-10-08 01:53:20 +0100
Processing by FlizsController#index as HTML
  Rendering layout layouts/application.html.erb
  Rendering flizs/index.html.erb within layouts/application
  [1m[36mMovie Load (0.4ms)[0m  [1m[34mSELECT "movies".* FROM "movies"[0m
  ↳ app/views/flizs/index.html.erb:2
  Rendered flizs/index.html.erb within layouts/application (Duration: 35.5ms | Allocations: 19351)
  Rendered layout layouts/application.html.erb (Duration: 35.9ms | Allocations: 19418)
Completed 500 Internal Server Error in 41ms (ActiveRecord: 2.0ms | Allocations: 20611)


  
ActionView::Template::Error (undefined local variable or method `movie' for #<ActionView::Base:0x000000000505a0>
Did you mean?  @movies):
    1: <ul>
    2: <% @movies.each do |movie| %>
    3: <li><strong><%= movie.name %><strong> | Rating: <%= movie.rating%>, 
    4: sold at: <% price(movie) %>
    5: </li>
    6: <p>
    7: <%= movie.description %>
  
app/helpers/flizs_helper.rb:3:in `price'
app/views/flizs/index.html.erb:4
app/views/flizs/index.html.erb:2
Started GET "/" for ::1 at 2022-10-08 01:55:11 +0100
Processing by FlizsController#index as HTML
  Rendering layout layouts/application.html.erb
  Rendering flizs/index.html.erb within layouts/application
  [1m[36mMovie Load (0.1ms)[0m  [1m[34mSELECT "movies".* FROM "movies"[0m
  ↳ app/views/flizs/index.html.erb:2
  Rendered flizs/index.html.erb within layouts/application (Duration: 9.4ms | Allocations: 3638)
  Rendered layout layouts/application.html.erb (Duration: 26.7ms | Allocations: 19425)
Completed 200 OK in 31ms (Views: 28.3ms | ActiveRecord: 1.2ms | Allocations: 20415)


  [1m[36mMovie Load (0.4ms)[0m  [1m[34mSELECT "movies".* FROM "movies" WHERE "movies"."name" = ? LIMIT ?[0m  [["name", "indians"], ["LIMIT", 1]]
  [1m[36mTRANSACTION (0.1ms)[0m  [1m[36mbegin transaction[0m
  [1m[36mMovie Update (1.2ms)[0m  [1m[33mUPDATE "movies" SET "price" = ?, "updated_at" = ? WHERE "movies"."id" = ?[0m  [["price", 0], ["updated_at", "2022-10-08 00:57:02.420065"], ["id", 3]]
  [1m[36mTRANSACTION (489.5ms)[0m  [1m[36mcommit transaction[0m
Started GET "/" for ::1 at 2022-10-08 01:57:11 +0100
Processing by FlizsController#index as HTML
  Rendering layout layouts/application.html.erb
  Rendering flizs/index.html.erb within layouts/application
  [1m[36mMovie Load (0.2ms)[0m  [1m[34mSELECT "movies".* FROM "movies"[0m
  ↳ app/views/flizs/index.html.erb:2
  Rendered flizs/index.html.erb within layouts/application (Duration: 4.7ms | Allocations: 1246)
  Rendered layout layouts/application.html.erb (Duration: 10.9ms | Allocations: 4044)
Completed 200 OK in 14ms (Views: 12.8ms | ActiveRecord: 0.2ms | Allocations: 4945)


Started GET "/" for ::1 at 2022-10-08 01:57:15 +0100
Processing by FlizsController#index as HTML
  Rendering layout layouts/application.html.erb
  Rendering flizs/index.html.erb within layouts/application
  [1m[36mMovie Load (0.3ms)[0m  [1m[34mSELECT "movies".* FROM "movies"[0m
  ↳ app/views/flizs/index.html.erb:2
  Rendered flizs/index.html.erb within layouts/application (Duration: 5.3ms | Allocations: 1019)
  Rendered layout layouts/application.html.erb (Duration: 13.3ms | Allocations: 3600)
Completed 200 OK in 15ms (Views: 14.1ms | ActiveRecord: 0.3ms | Allocations: 3854)


Started GET "/" for ::1 at 2022-10-08 01:57:38 +0100
Processing by FlizsController#index as HTML
  Rendering layout layouts/application.html.erb
  Rendering flizs/index.html.erb within layouts/application
  [1m[36mMovie Load (0.2ms)[0m  [1m[34mSELECT "movies".* FROM "movies"[0m
  ↳ app/views/flizs/index.html.erb:2
  Rendered flizs/index.html.erb within layouts/application (Duration: 5.8ms | Allocations: 1246)
  Rendered layout layouts/application.html.erb (Duration: 13.6ms | Allocations: 4036)
Completed 200 OK in 18ms (Views: 15.8ms | ActiveRecord: 0.2ms | Allocations: 4937)


Started GET "/" for ::1 at 2022-10-08 02:03:43 +0100
  
SyntaxError (/home/richard/Desktop/untitled folder 5/app/app/helpers/flizs_helper.rb:4: syntax error, unexpected `end', expecting end-of-input):
  
app/helpers/flizs_helper.rb:4: syntax error, unexpected `end', expecting end-of-input
app/helpers/flizs_helper.rb:4: syntax error, unexpected `end', expecting end-of-input
app/helpers/flizs_helper.rb:4: syntax error, unexpected `end', expecting end-of-input
app/controllers/application_controller.rb:1:in `<main>'
app/controllers/movies_controller.rb:1:in `<main>'
Started GET "/" for ::1 at 2022-10-08 02:04:18 +0100
  
SyntaxError (/home/richard/Desktop/untitled folder 5/app/app/helpers/flizs_helper.rb:4: syntax error, unexpected `end', expecting end-of-input):
  
app/helpers/flizs_helper.rb:4: syntax error, unexpected `end', expecting end-of-input
app/helpers/flizs_helper.rb:4: syntax error, unexpected `end', expecting end-of-input
app/helpers/flizs_helper.rb:4: syntax error, unexpected `end', expecting end-of-input
app/controllers/application_controller.rb:1:in `<main>'
app/controllers/movies_controller.rb:1:in `<main>'
Started GET "/" for ::1 at 2022-10-08 02:04:51 +0100
Processing by MoviesController#index as HTML
  Rendering layout layouts/application.html.erb
  Rendering movies/index.html.erb within layouts/application
  [1m[36mMovie Load (0.3ms)[0m  [1m[34mSELECT "movies".* FROM "movies"[0m
  ↳ app/views/movies/index.html.erb:4
  Rendered movies/index.html.erb within layouts/application (Duration: 11.0ms | Allocations: 3059)
  Rendered layout layouts/application.html.erb (Duration: 29.8ms | Allocations: 18840)
Completed 200 OK in 35ms (Views: 31.8ms | ActiveRecord: 0.8ms | Allocations: 20057)


Started GET "/" for ::1 at 2022-10-08 02:07:10 +0100
Processing by MoviesController#index as HTML
  Rendering layout layouts/application.html.erb
  Rendering movies/index.html.erb within layouts/application
  [1m[36mMovie Load (0.1ms)[0m  [1m[34mSELECT "movies".* FROM "movies"[0m
  ↳ app/views/movies/index.html.erb:4
  Rendered movies/index.html.erb within layouts/application (Duration: 8.6ms | Allocations: 3244)
  Rendered layout layouts/application.html.erb (Duration: 23.7ms | Allocations: 18725)
Completed 200 OK in 28ms (Views: 25.2ms | ActiveRecord: 1.2ms | Allocations: 19749)


Started GET "/" for ::1 at 2022-10-08 02:07:12 +0100
Processing by MoviesController#index as HTML
  Rendering layout layouts/application.html.erb
  Rendering movies/index.html.erb within layouts/application
  [1m[36mMovie Load (0.2ms)[0m  [1m[34mSELECT "movies".* FROM "movies"[0m
  ↳ app/views/movies/index.html.erb:4
  Rendered movies/index.html.erb within layouts/application (Duration: 3.8ms | Allocations: 790)
  Rendered layout layouts/application.html.erb (Duration: 12.0ms | Allocations: 3397)
Completed 200 OK in 14ms (Views: 13.1ms | ActiveRecord: 0.2ms | Allocations: 3650)


Started GET "/" for ::1 at 2022-10-08 02:11:40 +0100
Processing by MoviesController#index as HTML
  Rendering layout layouts/application.html.erb
  Rendering movies/index.html.erb within layouts/application
  [1m[36mMovie Load (0.2ms)[0m  [1m[34mSELECT "movies".* FROM "movies"[0m
  ↳ app/views/movies/index.html.erb:4
  Rendered movies/index.html.erb within layouts/application (Duration: 9.8ms | Allocations: 3521)
  Rendered layout layouts/application.html.erb (Duration: 27.3ms | Allocations: 19290)
Completed 200 OK in 32ms (Views: 29.0ms | ActiveRecord: 1.2ms | Allocations: 20584)


Started GET "/" for ::1 at 2022-10-08 02:18:20 +0100
Processing by MoviesController#index as HTML
  Rendering layout layouts/application.html.erb
  Rendering movies/index.html.erb within layouts/application
  [1m[36mMovie Load (0.2ms)[0m  [1m[34mSELECT "movies".* FROM "movies"[0m
  ↳ app/views/movies/index.html.erb:4
  Rendered movies/index.html.erb within layouts/application (Duration: 21.6ms | Allocations: 6794)
  Rendered layout layouts/application.html.erb (Duration: 22.0ms | Allocations: 6861)
Completed 500 Internal Server Error in 27ms (ActiveRecord: 0.7ms | Allocations: 8109)


  
ActionView::Template::Error (undefined local variable or method `event' for #<ActionView::Base:0x0000000006b5a8>):
    10: </p>
    11: 
    12: <p>
    13: <%= date_and_time(event) %>
    14: </p>
    15: <% end %>
    16: </ul>
  
app/views/movies/index.html.erb:13
app/views/movies/index.html.erb:4
Started GET "/" for ::1 at 2022-10-08 02:19:20 +0100
Processing by MoviesController#index as HTML
  Rendering layout layouts/application.html.erb
  Rendering movies/index.html.erb within layouts/application
  [1m[36mMovie Load (0.2ms)[0m  [1m[34mSELECT "movies".* FROM "movies"[0m
  ↳ app/views/movies/index.html.erb:4
  Rendered movies/index.html.erb within layouts/application (Duration: 21.1ms | Allocations: 7073)
  Rendered layout layouts/application.html.erb (Duration: 21.4ms | Allocations: 7140)
Completed 500 Internal Server Error in 26ms (ActiveRecord: 1.4ms | Allocations: 8117)


  
ActionView::Template::Error (undefined local variable or method `event' for #<ActionView::Base:0x0000000006f568>):
    10: </p>
    11: 
    12: <p>
    13: <%= date_and_time(event) %>
    14: </p>
    15: <% end %>
    16: </ul>
  
app/views/movies/index.html.erb:13
app/views/movies/index.html.erb:4
Started GET "/" for ::1 at 2022-10-08 02:19:24 +0100
Processing by MoviesController#index as HTML
  Rendering layout layouts/application.html.erb
  Rendering movies/index.html.erb within layouts/application
  [1m[36mMovie Load (0.5ms)[0m  [1m[34mSELECT "movies".* FROM "movies"[0m
  ↳ app/views/movies/index.html.erb:4
  Rendered movies/index.html.erb within layouts/application (Duration: 27.5ms | Allocations: 4635)
  Rendered layout layouts/application.html.erb (Duration: 28.4ms | Allocations: 4702)
Completed 500 Internal Server Error in 31ms (ActiveRecord: 0.5ms | Allocations: 4932)


  
ActionView::Template::Error (undefined local variable or method `event' for #<ActionView::Base:0x0000000006f838>):
    10: </p>
    11: 
    12: <p>
    13: <%= date_and_time(event) %>
    14: </p>
    15: <% end %>
    16: </ul>
  
app/views/movies/index.html.erb:13
app/views/movies/index.html.erb:4
Started GET "/" for ::1 at 2022-10-08 02:19:25 +0100
Processing by MoviesController#index as HTML
  Rendering layout layouts/application.html.erb
  Rendering movies/index.html.erb within layouts/application
  [1m[36mMovie Load (0.2ms)[0m  [1m[34mSELECT "movies".* FROM "movies"[0m
  ↳ app/views/movies/index.html.erb:4
  Rendered movies/index.html.erb within layouts/application (Duration: 16.4ms | Allocations: 4635)
  Rendered layout layouts/application.html.erb (Duration: 16.7ms | Allocations: 4702)
Completed 500 Internal Server Error in 18ms (ActiveRecord: 0.2ms | Allocations: 4932)


  
ActionView::Template::Error (undefined local variable or method `event' for #<ActionView::Base:0x0000000006fb08>):
    10: </p>
    11: 
    12: <p>
    13: <%= date_and_time(event) %>
    14: </p>
    15: <% end %>
    16: </ul>
  
app/views/movies/index.html.erb:13
app/views/movies/index.html.erb:4
Started GET "/" for ::1 at 2022-10-08 02:21:57 +0100
Processing by MoviesController#index as HTML
  Rendering layout layouts/application.html.erb
  Rendering movies/index.html.erb within layouts/application
  [1m[36mMovie Load (0.1ms)[0m  [1m[34mSELECT "movies".* FROM "movies"[0m
  ↳ app/views/movies/index.html.erb:4
  Rendered movies/index.html.erb within layouts/application (Duration: 17.8ms | Allocations: 7073)
  Rendered layout layouts/application.html.erb (Duration: 18.3ms | Allocations: 7140)
Completed 500 Internal Server Error in 22ms (ActiveRecord: 1.4ms | Allocations: 8117)


  
ActionView::Template::Error (undefined local variable or method `event' for #<ActionView::Base:0x00000000073a50>):
    10: </p>
    11: 
    12: <p>
    13: <%= date_and_time(event) %>
    14: </p>
    15: <% end %>
    16: </ul>
  
app/views/movies/index.html.erb:13
app/views/movies/index.html.erb:4
Started GET "/" for ::1 at 2022-10-08 02:23:32 +0100
Processing by MoviesController#index as HTML
  Rendering layout layouts/application.html.erb
  Rendering movies/index.html.erb within layouts/application
  [1m[36mMovie Load (0.1ms)[0m  [1m[34mSELECT "movies".* FROM "movies"[0m
  ↳ app/views/movies/index.html.erb:4
  Rendered movies/index.html.erb within layouts/application (Duration: 10.1ms | Allocations: 3548)
  Rendered layout layouts/application.html.erb (Duration: 29.8ms | Allocations: 19339)
Completed 200 OK in 35ms (Views: 31.5ms | ActiveRecord: 1.2ms | Allocations: 20610)


Started GET "/" for ::1 at 2022-10-08 02:25:07 +0100
Processing by MoviesController#index as HTML
  Rendering layout layouts/application.html.erb
  Rendering movies/index.html.erb within layouts/application
  [1m[36mMovie Load (0.2ms)[0m  [1m[34mSELECT "movies".* FROM "movies"[0m
  ↳ app/views/movies/index.html.erb:4
  Rendered movies/index.html.erb within layouts/application (Duration: 14.1ms | Allocations: 4886)
  Rendered layout layouts/application.html.erb (Duration: 14.5ms | Allocations: 4953)
Completed 500 Internal Server Error in 19ms (ActiveRecord: 1.6ms | Allocations: 5930)


  
ActionView::Template::Error (undefined method `blink?' for 80:Integer
Did you mean?  blank?):
    3: <ul>
    4: <% @movies.each do |movie| %>
    5: <li><strong><%= movie.name %><strong> | Rating: <%= movie.rating%>, 
    6: sold at: <%= price(movie) %>
    7: </li>
    8: <p>
    9: <%= movie.description %>
  
app/models/movie.rb:3:in `free?'
app/helpers/movies_helper.rb:3:in `price'
app/views/movies/index.html.erb:6
app/views/movies/index.html.erb:4
Started GET "/" for ::1 at 2022-10-08 02:25:56 +0100
Processing by MoviesController#index as HTML
  Rendering layout layouts/application.html.erb
  Rendering movies/index.html.erb within layouts/application
  [1m[36mMovie Load (0.2ms)[0m  [1m[34mSELECT "movies".* FROM "movies"[0m
  ↳ app/views/movies/index.html.erb:4
  Rendered movies/index.html.erb within layouts/application (Duration: 10.7ms | Allocations: 3525)
  Rendered layout layouts/application.html.erb (Duration: 33.9ms | Allocations: 19104)
Completed 200 OK in 39ms (Views: 35.7ms | ActiveRecord: 1.5ms | Allocations: 20126)


Started GET "/" for ::1 at 2022-10-08 02:35:51 +0100
Processing by MoviesController#index as HTML
  Rendering layout layouts/application.html.erb
  Rendering movies/index.html.erb within layouts/application
  [1m[36mMovie Load (0.3ms)[0m  [1m[34mSELECT "movies".* FROM "movies"[0m
  ↳ app/views/movies/index.html.erb:4
  Rendered movies/index.html.erb within layouts/application (Duration: 6.0ms | Allocations: 1426)
  Rendered layout layouts/application.html.erb (Duration: 11.9ms | Allocations: 4239)
Completed 200 OK in 15ms (Views: 13.9ms | ActiveRecord: 0.8ms | Allocations: 5141)


Started GET "/" for ::1 at 2022-10-08 02:36:23 +0100
Processing by MoviesController#index as HTML
  Rendering layout layouts/application.html.erb
  Rendering movies/index.html.erb within layouts/application
  [1m[36mMovie Load (0.3ms)[0m  [1m[34mSELECT "movies".* FROM "movies"[0m
  ↳ app/views/movies/index.html.erb:3
  Rendered movies/index.html.erb within layouts/application (Duration: 7.7ms | Allocations: 1265)
  Rendered layout layouts/application.html.erb (Duration: 17.2ms | Allocations: 4079)
Completed 200 OK in 22ms (Views: 20.3ms | ActiveRecord: 0.3ms | Allocations: 4981)


Started GET "/" for ::1 at 2022-10-08 02:36:25 +0100
Processing by MoviesController#index as HTML
  Rendering layout layouts/application.html.erb
  Rendering movies/index.html.erb within layouts/application
  [1m[36mMovie Load (0.2ms)[0m  [1m[34mSELECT "movies".* FROM "movies"[0m
  ↳ app/views/movies/index.html.erb:3
  Rendered movies/index.html.erb within layouts/application (Duration: 2.9ms | Allocations: 1036)
  Rendered layout layouts/application.html.erb (Duration: 6.7ms | Allocations: 3617)
Completed 200 OK in 8ms (Views: 7.2ms | ActiveRecord: 0.2ms | Allocations: 3871)


Started GET "/" for ::1 at 2022-10-08 02:36:55 +0100
Processing by MoviesController#index as HTML
  Rendering layout layouts/application.html.erb
  Rendering movies/index.html.erb within layouts/application
  [1m[36mMovie Load (0.3ms)[0m  [1m[34mSELECT "movies".* FROM "movies"[0m
  ↳ app/views/movies/index.html.erb:3
  Rendered movies/index.html.erb within layouts/application (Duration: 5.7ms | Allocations: 1264)
  Rendered layout layouts/application.html.erb (Duration: 12.6ms | Allocations: 4079)
Completed 200 OK in 16ms (Views: 14.5ms | ActiveRecord: 0.3ms | Allocations: 4981)


